<?xml version="1.0" encoding="UTF-8"?>
<robot generator="Robot 5.0 (Python 3.6.3 on darwin)" generated="20240507 22:41:10.049" rpa="false" schemaversion="3">
<suite id="s1" name="RegisTestcases" source="/Users/pimwalun/Developer/class project robotframwork/testcases/RegisTestcases.robot">
<kw name="Open Browser" library="SeleniumLibrary" type="SETUP">
<arg>${baseUrl}</arg>
<arg>chrome</arg>
<doc>Opens a new browser instance to the optional ``url``.</doc>
<msg timestamp="20240507 22:41:10.370" level="INFO">Opening browser 'chrome' to base url 'https://futureskill.co/'.</msg>
<status status="PASS" starttime="20240507 22:41:10.369" endtime="20240507 22:41:13.740"/>
</kw>
<test id="s1-t1" name="As a user, I fail to register with reuse email" line="12">
<kw name="When user register to future skill platfrom with ${reuse_email} , ${firstname} , ${lastname} , ${phonenumber} , ${valid_new_password} , ${valid_confirm_password}" library="RegisPageKeywords" sourcename="user register to future skill platfrom with ${username} , ${firstName} , ${lastname} , ${phonenumber} , ${newpassword} , ${confirmpassword}">
<kw name="Wait until element is ready then click element" library="CommonKeywords">
<arg>xpath=//button[contains(text(),"สมัครสมาชิก")]</arg>
<kw name="Wait Until Keyword Succeeds" library="BuiltIn">
<arg>5x</arg>
<arg>2s</arg>
<arg>Click Element</arg>
<arg>${locator}</arg>
<doc>Runs the specified keyword and retries if it fails.</doc>
<kw name="Click Element" library="SeleniumLibrary">
<arg>${locator}</arg>
<doc>Click the element identified by ``locator``.</doc>
<msg timestamp="20240507 22:41:13.787" level="INFO">Clicking element 'xpath=//button[contains(text(),"สมัครสมาชิก")]'.</msg>
<status status="PASS" starttime="20240507 22:41:13.783" endtime="20240507 22:41:16.879"/>
</kw>
<status status="PASS" starttime="20240507 22:41:13.782" endtime="20240507 22:41:16.879"/>
</kw>
<status status="PASS" starttime="20240507 22:41:13.780" endtime="20240507 22:41:16.879"/>
</kw>
<kw name="Wait until element is ready then input text" library="CommonKeywords">
<arg>name=email</arg>
<arg>${username}</arg>
<kw name="Wait Until Keyword Succeeds" library="BuiltIn">
<arg>5x</arg>
<arg>2s</arg>
<arg>Input Text</arg>
<arg>${locator}</arg>
<arg>${text}</arg>
<doc>Runs the specified keyword and retries if it fails.</doc>
<kw name="Input Text" library="SeleniumLibrary">
<arg>${locator}</arg>
<arg>${text}</arg>
<doc>Types the given ``text`` into the text field identified by ``locator``.</doc>
<msg timestamp="20240507 22:41:16.882" level="INFO">Typing text 'Ab.stopbus+1@gmail.com' into text field 'name=email'.</msg>
<status status="PASS" starttime="20240507 22:41:16.881" endtime="20240507 22:41:17.579"/>
</kw>
<status status="PASS" starttime="20240507 22:41:16.881" endtime="20240507 22:41:17.579"/>
</kw>
<status status="PASS" starttime="20240507 22:41:16.879" endtime="20240507 22:41:17.579"/>
</kw>
<kw name="Wait until element is ready then input text" library="CommonKeywords">
<arg>name=firstName</arg>
<arg>${firstName}</arg>
<kw name="Wait Until Keyword Succeeds" library="BuiltIn">
<arg>5x</arg>
<arg>2s</arg>
<arg>Input Text</arg>
<arg>${locator}</arg>
<arg>${text}</arg>
<doc>Runs the specified keyword and retries if it fails.</doc>
<kw name="Input Text" library="SeleniumLibrary">
<arg>${locator}</arg>
<arg>${text}</arg>
<doc>Types the given ``text`` into the text field identified by ``locator``.</doc>
<msg timestamp="20240507 22:41:17.581" level="INFO">Typing text 'Pimwalun' into text field 'name=firstName'.</msg>
<status status="PASS" starttime="20240507 22:41:17.581" endtime="20240507 22:41:17.678"/>
</kw>
<status status="PASS" starttime="20240507 22:41:17.580" endtime="20240507 22:41:17.679"/>
</kw>
<status status="PASS" starttime="20240507 22:41:17.579" endtime="20240507 22:41:17.679"/>
</kw>
<kw name="Wait until element is ready then input text" library="CommonKeywords">
<arg>name=lastName</arg>
<arg>${lastname}</arg>
<kw name="Wait Until Keyword Succeeds" library="BuiltIn">
<arg>5x</arg>
<arg>2s</arg>
<arg>Input Text</arg>
<arg>${locator}</arg>
<arg>${text}</arg>
<doc>Runs the specified keyword and retries if it fails.</doc>
<kw name="Input Text" library="SeleniumLibrary">
<arg>${locator}</arg>
<arg>${text}</arg>
<doc>Types the given ``text`` into the text field identified by ``locator``.</doc>
<msg timestamp="20240507 22:41:17.684" level="INFO">Typing text 'Witchawanitchanun' into text field 'name=lastName'.</msg>
<status status="PASS" starttime="20240507 22:41:17.680" endtime="20240507 22:41:17.795"/>
</kw>
<status status="PASS" starttime="20240507 22:41:17.680" endtime="20240507 22:41:17.795"/>
</kw>
<status status="PASS" starttime="20240507 22:41:17.679" endtime="20240507 22:41:17.795"/>
</kw>
<kw name="Wait until element is ready then input text" library="CommonKeywords">
<arg>name=phoneNumber</arg>
<arg>${phonenumber}</arg>
<kw name="Wait Until Keyword Succeeds" library="BuiltIn">
<arg>5x</arg>
<arg>2s</arg>
<arg>Input Text</arg>
<arg>${locator}</arg>
<arg>${text}</arg>
<doc>Runs the specified keyword and retries if it fails.</doc>
<kw name="Input Text" library="SeleniumLibrary">
<arg>${locator}</arg>
<arg>${text}</arg>
<doc>Types the given ``text`` into the text field identified by ``locator``.</doc>
<msg timestamp="20240507 22:41:17.798" level="INFO">Typing text '0811111111' into text field 'name=phoneNumber'.</msg>
<status status="PASS" starttime="20240507 22:41:17.797" endtime="20240507 22:41:17.893"/>
</kw>
<status status="PASS" starttime="20240507 22:41:17.797" endtime="20240507 22:41:17.893"/>
</kw>
<status status="PASS" starttime="20240507 22:41:17.796" endtime="20240507 22:41:17.893"/>
</kw>
<kw name="Wait until element is ready then input text" library="CommonKeywords">
<arg>name=newPassword</arg>
<arg>${newpassword}</arg>
<kw name="Wait Until Keyword Succeeds" library="BuiltIn">
<arg>5x</arg>
<arg>2s</arg>
<arg>Input Text</arg>
<arg>${locator}</arg>
<arg>${text}</arg>
<doc>Runs the specified keyword and retries if it fails.</doc>
<kw name="Input Text" library="SeleniumLibrary">
<arg>${locator}</arg>
<arg>${text}</arg>
<doc>Types the given ``text`` into the text field identified by ``locator``.</doc>
<msg timestamp="20240507 22:41:17.895" level="INFO">Typing text 'Password123!' into text field 'name=newPassword'.</msg>
<status status="PASS" starttime="20240507 22:41:17.895" endtime="20240507 22:41:18.024"/>
</kw>
<status status="PASS" starttime="20240507 22:41:17.894" endtime="20240507 22:41:18.025"/>
</kw>
<status status="PASS" starttime="20240507 22:41:17.894" endtime="20240507 22:41:18.025"/>
</kw>
<kw name="Wait until element is ready then input text" library="CommonKeywords">
<arg>name=confirmPassword</arg>
<arg>${confirmpassword}</arg>
<kw name="Wait Until Keyword Succeeds" library="BuiltIn">
<arg>5x</arg>
<arg>2s</arg>
<arg>Input Text</arg>
<arg>${locator}</arg>
<arg>${text}</arg>
<doc>Runs the specified keyword and retries if it fails.</doc>
<kw name="Input Text" library="SeleniumLibrary">
<arg>${locator}</arg>
<arg>${text}</arg>
<doc>Types the given ``text`` into the text field identified by ``locator``.</doc>
<msg timestamp="20240507 22:41:18.026" level="INFO">Typing text 'Password123!' into text field 'name=confirmPassword'.</msg>
<status status="PASS" starttime="20240507 22:41:18.026" endtime="20240507 22:41:18.125"/>
</kw>
<status status="PASS" starttime="20240507 22:41:18.026" endtime="20240507 22:41:18.125"/>
</kw>
<status status="PASS" starttime="20240507 22:41:18.025" endtime="20240507 22:41:18.126"/>
</kw>
<kw name="Wait until element is ready then select checkbox" library="CommonKeywords">
<arg>name=consent</arg>
<kw name="Wait Until Keyword Succeeds" library="BuiltIn">
<arg>5x</arg>
<arg>2s</arg>
<arg>Select Checkbox</arg>
<arg>${locator}</arg>
<doc>Runs the specified keyword and retries if it fails.</doc>
<kw name="Select Checkbox" library="SeleniumLibrary">
<arg>${locator}</arg>
<doc>Selects the checkbox identified by ``locator``.</doc>
<msg timestamp="20240507 22:41:18.127" level="INFO">Selecting checkbox 'name=consent'.</msg>
<status status="PASS" starttime="20240507 22:41:18.127" endtime="20240507 22:41:18.271"/>
</kw>
<status status="PASS" starttime="20240507 22:41:18.126" endtime="20240507 22:41:18.272"/>
</kw>
<status status="PASS" starttime="20240507 22:41:18.126" endtime="20240507 22:41:18.272"/>
</kw>
<kw name="Wait until element is ready then click element" library="CommonKeywords">
<arg>xpath=//button[@type="submit" and text()="สมัครสมาชิก"]</arg>
<kw name="Wait Until Keyword Succeeds" library="BuiltIn">
<arg>5x</arg>
<arg>2s</arg>
<arg>Click Element</arg>
<arg>${locator}</arg>
<doc>Runs the specified keyword and retries if it fails.</doc>
<kw name="Click Element" library="SeleniumLibrary">
<arg>${locator}</arg>
<doc>Click the element identified by ``locator``.</doc>
<msg timestamp="20240507 22:41:18.274" level="INFO">Clicking element 'xpath=//button[@type="submit" and text()="สมัครสมาชิก"]'.</msg>
<status status="PASS" starttime="20240507 22:41:18.274" endtime="20240507 22:41:18.384"/>
</kw>
<status status="PASS" starttime="20240507 22:41:18.273" endtime="20240507 22:41:18.384"/>
</kw>
<status status="PASS" starttime="20240507 22:41:18.273" endtime="20240507 22:41:18.384"/>
</kw>
<status status="PASS" starttime="20240507 22:41:13.776" endtime="20240507 22:41:18.384"/>
</kw>
<kw name="Then future skill should display validate register fail message as &quot;อีเมล นี้ถูกใช้แล้ว&quot;" library="RegisPageKeywords" sourcename="future skill should display validate register fail message as &quot;${expected_message}&quot;">
<kw name="Wait until page contains element then verify text" library="CommonKeywords">
<arg>${expected_message}</arg>
<kw name="Wait Until Keyword Succeeds" library="BuiltIn">
<arg>5x</arg>
<arg>2s</arg>
<arg>Page Should Contain</arg>
<arg>${expected_text}</arg>
<doc>Runs the specified keyword and retries if it fails.</doc>
<kw name="Page Should Contain" library="SeleniumLibrary">
<arg>${expected_text}</arg>
<doc>Verifies that current page contains ``text``.</doc>
<kw name="Capture Page Screenshot" library="SeleniumLibrary">
<doc>Takes a screenshot of the current page and embeds it into a log file.</doc>
<msg timestamp="20240507 22:41:18.850" level="INFO" html="true">&lt;/td&gt;&lt;/tr&gt;&lt;tr&gt;&lt;td colspan="3"&gt;&lt;a href="selenium-screenshot-1.png"&gt;&lt;img src="selenium-screenshot-1.png" width="800px"&gt;&lt;/a&gt;</msg>
<status status="PASS" starttime="20240507 22:41:18.663" endtime="20240507 22:41:18.850"/>
</kw>
<msg timestamp="20240507 22:41:18.852" level="FAIL">Page should have contained text 'อีเมล นี้ถูกใช้แล้ว' but did not.</msg>
<status status="FAIL" starttime="20240507 22:41:18.386" endtime="20240507 22:41:18.859"/>
</kw>
<kw name="Page Should Contain" library="SeleniumLibrary">
<arg>${expected_text}</arg>
<doc>Verifies that current page contains ``text``.</doc>
<msg timestamp="20240507 22:41:20.875" level="INFO">Current page contains text 'อีเมล นี้ถูกใช้แล้ว'.</msg>
<status status="PASS" starttime="20240507 22:41:20.861" endtime="20240507 22:41:20.875"/>
</kw>
<status status="PASS" starttime="20240507 22:41:18.386" endtime="20240507 22:41:20.875"/>
</kw>
<status status="PASS" starttime="20240507 22:41:18.385" endtime="20240507 22:41:20.875"/>
</kw>
<status status="PASS" starttime="20240507 22:41:18.385" endtime="20240507 22:41:20.876"/>
</kw>
<kw name="user back from register page" library="RegisPageKeywords" type="TEARDOWN">
<kw name="Wait until element is ready then click element" library="CommonKeywords">
<arg>xpath=//div[contains(text(),"กลับหน้าแรก")]</arg>
<kw name="Wait Until Keyword Succeeds" library="BuiltIn">
<arg>5x</arg>
<arg>2s</arg>
<arg>Click Element</arg>
<arg>${locator}</arg>
<doc>Runs the specified keyword and retries if it fails.</doc>
<kw name="Click Element" library="SeleniumLibrary">
<arg>${locator}</arg>
<doc>Click the element identified by ``locator``.</doc>
<msg timestamp="20240507 22:41:20.879" level="INFO">Clicking element 'xpath=//div[contains(text(),"กลับหน้าแรก")]'.</msg>
<status status="PASS" starttime="20240507 22:41:20.878" endtime="20240507 22:41:21.359"/>
</kw>
<status status="PASS" starttime="20240507 22:41:20.877" endtime="20240507 22:41:21.359"/>
</kw>
<status status="PASS" starttime="20240507 22:41:20.877" endtime="20240507 22:41:21.359"/>
</kw>
<status status="PASS" starttime="20240507 22:41:20.876" endtime="20240507 22:41:21.359"/>
</kw>
<status status="PASS" starttime="20240507 22:41:13.755" endtime="20240507 22:41:21.360"/>
</test>
<test id="s1-t2" name="As a user, I want to register success with valid credential" line="17">
<kw name="When user register to future skill platfrom with ${email} , ${firstname} , ${lastname} , ${phonenumber} , ${valid_new_password} , ${valid_confirm_password}" library="RegisPageKeywords" sourcename="user register to future skill platfrom with ${username} , ${firstName} , ${lastname} , ${phonenumber} , ${newpassword} , ${confirmpassword}">
<kw name="Wait until element is ready then click element" library="CommonKeywords">
<arg>xpath=//button[contains(text(),"สมัครสมาชิก")]</arg>
<kw name="Wait Until Keyword Succeeds" library="BuiltIn">
<arg>5x</arg>
<arg>2s</arg>
<arg>Click Element</arg>
<arg>${locator}</arg>
<doc>Runs the specified keyword and retries if it fails.</doc>
<kw name="Click Element" library="SeleniumLibrary">
<arg>${locator}</arg>
<doc>Click the element identified by ``locator``.</doc>
<msg timestamp="20240507 22:41:21.374" level="INFO">Clicking element 'xpath=//button[contains(text(),"สมัครสมาชิก")]'.</msg>
<status status="PASS" starttime="20240507 22:41:21.369" endtime="20240507 22:41:23.235"/>
</kw>
<status status="PASS" starttime="20240507 22:41:21.368" endtime="20240507 22:41:23.235"/>
</kw>
<status status="PASS" starttime="20240507 22:41:21.364" endtime="20240507 22:41:23.236"/>
</kw>
<kw name="Wait until element is ready then input text" library="CommonKeywords">
<arg>name=email</arg>
<arg>${username}</arg>
<kw name="Wait Until Keyword Succeeds" library="BuiltIn">
<arg>5x</arg>
<arg>2s</arg>
<arg>Input Text</arg>
<arg>${locator}</arg>
<arg>${text}</arg>
<doc>Runs the specified keyword and retries if it fails.</doc>
<kw name="Input Text" library="SeleniumLibrary">
<arg>${locator}</arg>
<arg>${text}</arg>
<doc>Types the given ``text`` into the text field identified by ``locator``.</doc>
<msg timestamp="20240507 22:41:23.238" level="INFO">Typing text 'Ab.stopbus+2@gmail.com' into text field 'name=email'.</msg>
<status status="PASS" starttime="20240507 22:41:23.237" endtime="20240507 22:41:23.777"/>
</kw>
<status status="PASS" starttime="20240507 22:41:23.237" endtime="20240507 22:41:23.777"/>
</kw>
<status status="PASS" starttime="20240507 22:41:23.236" endtime="20240507 22:41:23.778"/>
</kw>
<kw name="Wait until element is ready then input text" library="CommonKeywords">
<arg>name=firstName</arg>
<arg>${firstName}</arg>
<kw name="Wait Until Keyword Succeeds" library="BuiltIn">
<arg>5x</arg>
<arg>2s</arg>
<arg>Input Text</arg>
<arg>${locator}</arg>
<arg>${text}</arg>
<doc>Runs the specified keyword and retries if it fails.</doc>
<kw name="Input Text" library="SeleniumLibrary">
<arg>${locator}</arg>
<arg>${text}</arg>
<doc>Types the given ``text`` into the text field identified by ``locator``.</doc>
<msg timestamp="20240507 22:41:23.782" level="INFO">Typing text 'Pimwalun' into text field 'name=firstName'.</msg>
<status status="PASS" starttime="20240507 22:41:23.781" endtime="20240507 22:41:23.921"/>
</kw>
<status status="PASS" starttime="20240507 22:41:23.780" endtime="20240507 22:41:23.921"/>
</kw>
<status status="PASS" starttime="20240507 22:41:23.779" endtime="20240507 22:41:23.922"/>
</kw>
<kw name="Wait until element is ready then input text" library="CommonKeywords">
<arg>name=lastName</arg>
<arg>${lastname}</arg>
<kw name="Wait Until Keyword Succeeds" library="BuiltIn">
<arg>5x</arg>
<arg>2s</arg>
<arg>Input Text</arg>
<arg>${locator}</arg>
<arg>${text}</arg>
<doc>Runs the specified keyword and retries if it fails.</doc>
<kw name="Input Text" library="SeleniumLibrary">
<arg>${locator}</arg>
<arg>${text}</arg>
<doc>Types the given ``text`` into the text field identified by ``locator``.</doc>
<msg timestamp="20240507 22:41:23.924" level="INFO">Typing text 'Witchawanitchanun' into text field 'name=lastName'.</msg>
<status status="PASS" starttime="20240507 22:41:23.923" endtime="20240507 22:41:24.037"/>
</kw>
<status status="PASS" starttime="20240507 22:41:23.923" endtime="20240507 22:41:24.037"/>
</kw>
<status status="PASS" starttime="20240507 22:41:23.922" endtime="20240507 22:41:24.038"/>
</kw>
<kw name="Wait until element is ready then input text" library="CommonKeywords">
<arg>name=phoneNumber</arg>
<arg>${phonenumber}</arg>
<kw name="Wait Until Keyword Succeeds" library="BuiltIn">
<arg>5x</arg>
<arg>2s</arg>
<arg>Input Text</arg>
<arg>${locator}</arg>
<arg>${text}</arg>
<doc>Runs the specified keyword and retries if it fails.</doc>
<kw name="Input Text" library="SeleniumLibrary">
<arg>${locator}</arg>
<arg>${text}</arg>
<doc>Types the given ``text`` into the text field identified by ``locator``.</doc>
<msg timestamp="20240507 22:41:24.040" level="INFO">Typing text '0811111111' into text field 'name=phoneNumber'.</msg>
<status status="PASS" starttime="20240507 22:41:24.039" endtime="20240507 22:41:24.135"/>
</kw>
<status status="PASS" starttime="20240507 22:41:24.039" endtime="20240507 22:41:24.135"/>
</kw>
<status status="PASS" starttime="20240507 22:41:24.038" endtime="20240507 22:41:24.135"/>
</kw>
<kw name="Wait until element is ready then input text" library="CommonKeywords">
<arg>name=newPassword</arg>
<arg>${newpassword}</arg>
<kw name="Wait Until Keyword Succeeds" library="BuiltIn">
<arg>5x</arg>
<arg>2s</arg>
<arg>Input Text</arg>
<arg>${locator}</arg>
<arg>${text}</arg>
<doc>Runs the specified keyword and retries if it fails.</doc>
<kw name="Input Text" library="SeleniumLibrary">
<arg>${locator}</arg>
<arg>${text}</arg>
<doc>Types the given ``text`` into the text field identified by ``locator``.</doc>
<msg timestamp="20240507 22:41:24.137" level="INFO">Typing text 'Password123!' into text field 'name=newPassword'.</msg>
<status status="PASS" starttime="20240507 22:41:24.136" endtime="20240507 22:41:24.258"/>
</kw>
<status status="PASS" starttime="20240507 22:41:24.136" endtime="20240507 22:41:24.258"/>
</kw>
<status status="PASS" starttime="20240507 22:41:24.135" endtime="20240507 22:41:24.259"/>
</kw>
<kw name="Wait until element is ready then input text" library="CommonKeywords">
<arg>name=confirmPassword</arg>
<arg>${confirmpassword}</arg>
<kw name="Wait Until Keyword Succeeds" library="BuiltIn">
<arg>5x</arg>
<arg>2s</arg>
<arg>Input Text</arg>
<arg>${locator}</arg>
<arg>${text}</arg>
<doc>Runs the specified keyword and retries if it fails.</doc>
<kw name="Input Text" library="SeleniumLibrary">
<arg>${locator}</arg>
<arg>${text}</arg>
<doc>Types the given ``text`` into the text field identified by ``locator``.</doc>
<msg timestamp="20240507 22:41:24.261" level="INFO">Typing text 'Password123!' into text field 'name=confirmPassword'.</msg>
<status status="PASS" starttime="20240507 22:41:24.260" endtime="20240507 22:41:24.378"/>
</kw>
<status status="PASS" starttime="20240507 22:41:24.260" endtime="20240507 22:41:24.380"/>
</kw>
<status status="PASS" starttime="20240507 22:41:24.259" endtime="20240507 22:41:24.380"/>
</kw>
<kw name="Wait until element is ready then select checkbox" library="CommonKeywords">
<arg>name=consent</arg>
<kw name="Wait Until Keyword Succeeds" library="BuiltIn">
<arg>5x</arg>
<arg>2s</arg>
<arg>Select Checkbox</arg>
<arg>${locator}</arg>
<doc>Runs the specified keyword and retries if it fails.</doc>
<kw name="Select Checkbox" library="SeleniumLibrary">
<arg>${locator}</arg>
<doc>Selects the checkbox identified by ``locator``.</doc>
<msg timestamp="20240507 22:41:24.382" level="INFO">Selecting checkbox 'name=consent'.</msg>
<status status="PASS" starttime="20240507 22:41:24.382" endtime="20240507 22:41:24.577"/>
</kw>
<status status="PASS" starttime="20240507 22:41:24.381" endtime="20240507 22:41:24.577"/>
</kw>
<status status="PASS" starttime="20240507 22:41:24.381" endtime="20240507 22:41:24.577"/>
</kw>
<kw name="Wait until element is ready then click element" library="CommonKeywords">
<arg>xpath=//button[@type="submit" and text()="สมัครสมาชิก"]</arg>
<kw name="Wait Until Keyword Succeeds" library="BuiltIn">
<arg>5x</arg>
<arg>2s</arg>
<arg>Click Element</arg>
<arg>${locator}</arg>
<doc>Runs the specified keyword and retries if it fails.</doc>
<kw name="Click Element" library="SeleniumLibrary">
<arg>${locator}</arg>
<doc>Click the element identified by ``locator``.</doc>
<msg timestamp="20240507 22:41:24.579" level="INFO">Clicking element 'xpath=//button[@type="submit" and text()="สมัครสมาชิก"]'.</msg>
<status status="PASS" starttime="20240507 22:41:24.578" endtime="20240507 22:41:24.703"/>
</kw>
<status status="PASS" starttime="20240507 22:41:24.578" endtime="20240507 22:41:24.703"/>
</kw>
<status status="PASS" starttime="20240507 22:41:24.577" endtime="20240507 22:41:24.704"/>
</kw>
<status status="PASS" starttime="20240507 22:41:21.361" endtime="20240507 22:41:24.704"/>
</kw>
<kw name="Then future skill should display otp page and display message as &quot;ระบบได้ส่งรหัส OTP ไปยังเบอร์โทรศัพท์&quot;" library="OtpPageKeywords" sourcename="future skill should display otp page and display message as &quot;${expected_message}&quot;">
<kw name="Wait until page contains element then verify text" library="CommonKeywords">
<arg>${expected_message}</arg>
<kw name="Wait Until Keyword Succeeds" library="BuiltIn">
<arg>5x</arg>
<arg>2s</arg>
<arg>Page Should Contain</arg>
<arg>${expected_text}</arg>
<doc>Runs the specified keyword and retries if it fails.</doc>
<kw name="Page Should Contain" library="SeleniumLibrary">
<arg>${expected_text}</arg>
<doc>Verifies that current page contains ``text``.</doc>
<kw name="Capture Page Screenshot" library="SeleniumLibrary">
<doc>Takes a screenshot of the current page and embeds it into a log file.</doc>
<msg timestamp="20240507 22:41:25.350" level="INFO" html="true">&lt;/td&gt;&lt;/tr&gt;&lt;tr&gt;&lt;td colspan="3"&gt;&lt;a href="selenium-screenshot-2.png"&gt;&lt;img src="selenium-screenshot-2.png" width="800px"&gt;&lt;/a&gt;</msg>
<status status="PASS" starttime="20240507 22:41:25.143" endtime="20240507 22:41:25.351"/>
</kw>
<msg timestamp="20240507 22:41:25.351" level="FAIL">Page should have contained text 'ระบบได้ส่งรหัส OTP ไปยังเบอร์โทรศัพท์' but did not.</msg>
<status status="FAIL" starttime="20240507 22:41:24.711" endtime="20240507 22:41:25.352"/>
</kw>
<kw name="Page Should Contain" library="SeleniumLibrary">
<arg>${expected_text}</arg>
<doc>Verifies that current page contains ``text``.</doc>
<msg timestamp="20240507 22:41:27.366" level="INFO">Current page contains text 'ระบบได้ส่งรหัส OTP ไปยังเบอร์โทรศัพท์'.</msg>
<status status="PASS" starttime="20240507 22:41:27.354" endtime="20240507 22:41:27.366"/>
</kw>
<status status="PASS" starttime="20240507 22:41:24.709" endtime="20240507 22:41:27.366"/>
</kw>
<status status="PASS" starttime="20240507 22:41:24.707" endtime="20240507 22:41:27.366"/>
</kw>
<status status="PASS" starttime="20240507 22:41:24.706" endtime="20240507 22:41:27.366"/>
</kw>
<kw name="user back from otp page" library="OtpPageKeywords" type="TEARDOWN">
<kw name="Wait until element is ready then click element" library="CommonKeywords">
<arg>xpath=//button[contains(text(),"กลับ")]</arg>
<kw name="Wait Until Keyword Succeeds" library="BuiltIn">
<arg>5x</arg>
<arg>2s</arg>
<arg>Click Element</arg>
<arg>${locator}</arg>
<doc>Runs the specified keyword and retries if it fails.</doc>
<kw name="Click Element" library="SeleniumLibrary">
<arg>${locator}</arg>
<doc>Click the element identified by ``locator``.</doc>
<msg timestamp="20240507 22:41:27.368" level="INFO">Clicking element 'xpath=//button[contains(text(),"กลับ")]'.</msg>
<status status="PASS" starttime="20240507 22:41:27.368" endtime="20240507 22:41:27.435"/>
</kw>
<status status="PASS" starttime="20240507 22:41:27.368" endtime="20240507 22:41:27.437"/>
</kw>
<status status="PASS" starttime="20240507 22:41:27.367" endtime="20240507 22:41:27.437"/>
</kw>
<status status="PASS" starttime="20240507 22:41:27.367" endtime="20240507 22:41:27.438"/>
</kw>
<status status="PASS" starttime="20240507 22:41:21.360" endtime="20240507 22:41:27.438"/>
</test>
<test id="s1-t3" name="As a user, I fail to register with invalid phonenumber" line="22">
<kw name="When user register to future skill platfrom with ${email} , ${firstname} , ${lastname} , ${invalid_phonenumber} , ${valid_new_password} , ${valid_confirm_password}" library="RegisPageKeywords" sourcename="user register to future skill platfrom with ${username} , ${firstName} , ${lastname} , ${phonenumber} , ${newpassword} , ${confirmpassword}">
<kw name="Wait until element is ready then click element" library="CommonKeywords">
<arg>xpath=//button[contains(text(),"สมัครสมาชิก")]</arg>
<kw name="Wait Until Keyword Succeeds" library="BuiltIn">
<arg>5x</arg>
<arg>2s</arg>
<arg>Click Element</arg>
<arg>${locator}</arg>
<doc>Runs the specified keyword and retries if it fails.</doc>
<kw name="Click Element" library="SeleniumLibrary">
<arg>${locator}</arg>
<doc>Click the element identified by ``locator``.</doc>
<msg timestamp="20240507 22:41:27.443" level="INFO">Clicking element 'xpath=//button[contains(text(),"สมัครสมาชิก")]'.</msg>
<status status="PASS" starttime="20240507 22:41:27.442" endtime="20240507 22:41:27.557"/>
</kw>
<status status="PASS" starttime="20240507 22:41:27.442" endtime="20240507 22:41:27.558"/>
</kw>
<status status="PASS" starttime="20240507 22:41:27.441" endtime="20240507 22:41:27.558"/>
</kw>
<kw name="Wait until element is ready then input text" library="CommonKeywords">
<arg>name=email</arg>
<arg>${username}</arg>
<kw name="Wait Until Keyword Succeeds" library="BuiltIn">
<arg>5x</arg>
<arg>2s</arg>
<arg>Input Text</arg>
<arg>${locator}</arg>
<arg>${text}</arg>
<doc>Runs the specified keyword and retries if it fails.</doc>
<kw name="Input Text" library="SeleniumLibrary">
<arg>${locator}</arg>
<arg>${text}</arg>
<doc>Types the given ``text`` into the text field identified by ``locator``.</doc>
<msg timestamp="20240507 22:41:27.560" level="INFO">Typing text 'Ab.stopbus+2@gmail.com' into text field 'name=email'.</msg>
<status status="PASS" starttime="20240507 22:41:27.559" endtime="20240507 22:41:27.781"/>
</kw>
<status status="PASS" starttime="20240507 22:41:27.559" endtime="20240507 22:41:27.781"/>
</kw>
<status status="PASS" starttime="20240507 22:41:27.558" endtime="20240507 22:41:27.781"/>
</kw>
<kw name="Wait until element is ready then input text" library="CommonKeywords">
<arg>name=firstName</arg>
<arg>${firstName}</arg>
<kw name="Wait Until Keyword Succeeds" library="BuiltIn">
<arg>5x</arg>
<arg>2s</arg>
<arg>Input Text</arg>
<arg>${locator}</arg>
<arg>${text}</arg>
<doc>Runs the specified keyword and retries if it fails.</doc>
<kw name="Input Text" library="SeleniumLibrary">
<arg>${locator}</arg>
<arg>${text}</arg>
<doc>Types the given ``text`` into the text field identified by ``locator``.</doc>
<msg timestamp="20240507 22:41:27.784" level="INFO">Typing text 'Pimwalun' into text field 'name=firstName'.</msg>
<status status="PASS" starttime="20240507 22:41:27.784" endtime="20240507 22:41:27.891"/>
</kw>
<status status="PASS" starttime="20240507 22:41:27.783" endtime="20240507 22:41:27.891"/>
</kw>
<status status="PASS" starttime="20240507 22:41:27.782" endtime="20240507 22:41:27.892"/>
</kw>
<kw name="Wait until element is ready then input text" library="CommonKeywords">
<arg>name=lastName</arg>
<arg>${lastname}</arg>
<kw name="Wait Until Keyword Succeeds" library="BuiltIn">
<arg>5x</arg>
<arg>2s</arg>
<arg>Input Text</arg>
<arg>${locator}</arg>
<arg>${text}</arg>
<doc>Runs the specified keyword and retries if it fails.</doc>
<kw name="Input Text" library="SeleniumLibrary">
<arg>${locator}</arg>
<arg>${text}</arg>
<doc>Types the given ``text`` into the text field identified by ``locator``.</doc>
<msg timestamp="20240507 22:41:27.896" level="INFO">Typing text 'Witchawanitchanun' into text field 'name=lastName'.</msg>
<status status="PASS" starttime="20240507 22:41:27.893" endtime="20240507 22:41:28.033"/>
</kw>
<status status="PASS" starttime="20240507 22:41:27.893" endtime="20240507 22:41:28.033"/>
</kw>
<status status="PASS" starttime="20240507 22:41:27.892" endtime="20240507 22:41:28.033"/>
</kw>
<kw name="Wait until element is ready then input text" library="CommonKeywords">
<arg>name=phoneNumber</arg>
<arg>${phonenumber}</arg>
<kw name="Wait Until Keyword Succeeds" library="BuiltIn">
<arg>5x</arg>
<arg>2s</arg>
<arg>Input Text</arg>
<arg>${locator}</arg>
<arg>${text}</arg>
<doc>Runs the specified keyword and retries if it fails.</doc>
<kw name="Input Text" library="SeleniumLibrary">
<arg>${locator}</arg>
<arg>${text}</arg>
<doc>Types the given ``text`` into the text field identified by ``locator``.</doc>
<msg timestamp="20240507 22:41:28.035" level="INFO">Typing text '0811111' into text field 'name=phoneNumber'.</msg>
<status status="PASS" starttime="20240507 22:41:28.034" endtime="20240507 22:41:28.153"/>
</kw>
<status status="PASS" starttime="20240507 22:41:28.034" endtime="20240507 22:41:28.153"/>
</kw>
<status status="PASS" starttime="20240507 22:41:28.033" endtime="20240507 22:41:28.153"/>
</kw>
<kw name="Wait until element is ready then input text" library="CommonKeywords">
<arg>name=newPassword</arg>
<arg>${newpassword}</arg>
<kw name="Wait Until Keyword Succeeds" library="BuiltIn">
<arg>5x</arg>
<arg>2s</arg>
<arg>Input Text</arg>
<arg>${locator}</arg>
<arg>${text}</arg>
<doc>Runs the specified keyword and retries if it fails.</doc>
<kw name="Input Text" library="SeleniumLibrary">
<arg>${locator}</arg>
<arg>${text}</arg>
<doc>Types the given ``text`` into the text field identified by ``locator``.</doc>
<msg timestamp="20240507 22:41:28.156" level="INFO">Typing text 'Password123!' into text field 'name=newPassword'.</msg>
<status status="PASS" starttime="20240507 22:41:28.155" endtime="20240507 22:41:28.297"/>
</kw>
<status status="PASS" starttime="20240507 22:41:28.154" endtime="20240507 22:41:28.298"/>
</kw>
<status status="PASS" starttime="20240507 22:41:28.154" endtime="20240507 22:41:28.298"/>
</kw>
<kw name="Wait until element is ready then input text" library="CommonKeywords">
<arg>name=confirmPassword</arg>
<arg>${confirmpassword}</arg>
<kw name="Wait Until Keyword Succeeds" library="BuiltIn">
<arg>5x</arg>
<arg>2s</arg>
<arg>Input Text</arg>
<arg>${locator}</arg>
<arg>${text}</arg>
<doc>Runs the specified keyword and retries if it fails.</doc>
<kw name="Input Text" library="SeleniumLibrary">
<arg>${locator}</arg>
<arg>${text}</arg>
<doc>Types the given ``text`` into the text field identified by ``locator``.</doc>
<msg timestamp="20240507 22:41:28.299" level="INFO">Typing text 'Password123!' into text field 'name=confirmPassword'.</msg>
<status status="PASS" starttime="20240507 22:41:28.299" endtime="20240507 22:41:28.415"/>
</kw>
<status status="PASS" starttime="20240507 22:41:28.299" endtime="20240507 22:41:28.415"/>
</kw>
<status status="PASS" starttime="20240507 22:41:28.298" endtime="20240507 22:41:28.415"/>
</kw>
<kw name="Wait until element is ready then select checkbox" library="CommonKeywords">
<arg>name=consent</arg>
<kw name="Wait Until Keyword Succeeds" library="BuiltIn">
<arg>5x</arg>
<arg>2s</arg>
<arg>Select Checkbox</arg>
<arg>${locator}</arg>
<doc>Runs the specified keyword and retries if it fails.</doc>
<kw name="Select Checkbox" library="SeleniumLibrary">
<arg>${locator}</arg>
<doc>Selects the checkbox identified by ``locator``.</doc>
<msg timestamp="20240507 22:41:28.417" level="INFO">Selecting checkbox 'name=consent'.</msg>
<status status="PASS" starttime="20240507 22:41:28.416" endtime="20240507 22:41:28.447"/>
</kw>
<status status="PASS" starttime="20240507 22:41:28.416" endtime="20240507 22:41:28.447"/>
</kw>
<status status="PASS" starttime="20240507 22:41:28.415" endtime="20240507 22:41:28.447"/>
</kw>
<kw name="Wait until element is ready then click element" library="CommonKeywords">
<arg>xpath=//button[@type="submit" and text()="สมัครสมาชิก"]</arg>
<kw name="Wait Until Keyword Succeeds" library="BuiltIn">
<arg>5x</arg>
<arg>2s</arg>
<arg>Click Element</arg>
<arg>${locator}</arg>
<doc>Runs the specified keyword and retries if it fails.</doc>
<kw name="Click Element" library="SeleniumLibrary">
<arg>${locator}</arg>
<doc>Click the element identified by ``locator``.</doc>
<msg timestamp="20240507 22:41:28.448" level="INFO">Clicking element 'xpath=//button[@type="submit" and text()="สมัครสมาชิก"]'.</msg>
<status status="PASS" starttime="20240507 22:41:28.448" endtime="20240507 22:41:28.490"/>
</kw>
<status status="PASS" starttime="20240507 22:41:28.448" endtime="20240507 22:41:28.490"/>
</kw>
<status status="PASS" starttime="20240507 22:41:28.447" endtime="20240507 22:41:28.490"/>
</kw>
<status status="PASS" starttime="20240507 22:41:27.440" endtime="20240507 22:41:28.491"/>
</kw>
<kw name="Then future skill should display validate register fail message as &quot;เบอร์โทรศัพท์ไม่ถูกต้อง&quot;" library="RegisPageKeywords" sourcename="future skill should display validate register fail message as &quot;${expected_message}&quot;">
<kw name="Wait until page contains element then verify text" library="CommonKeywords">
<arg>${expected_message}</arg>
<kw name="Wait Until Keyword Succeeds" library="BuiltIn">
<arg>5x</arg>
<arg>2s</arg>
<arg>Page Should Contain</arg>
<arg>${expected_text}</arg>
<doc>Runs the specified keyword and retries if it fails.</doc>
<kw name="Page Should Contain" library="SeleniumLibrary">
<arg>${expected_text}</arg>
<doc>Verifies that current page contains ``text``.</doc>
<msg timestamp="20240507 22:41:28.513" level="INFO">Current page contains text 'เบอร์โทรศัพท์ไม่ถูกต้อง'.</msg>
<status status="PASS" starttime="20240507 22:41:28.492" endtime="20240507 22:41:28.513"/>
</kw>
<status status="PASS" starttime="20240507 22:41:28.492" endtime="20240507 22:41:28.513"/>
</kw>
<status status="PASS" starttime="20240507 22:41:28.491" endtime="20240507 22:41:28.514"/>
</kw>
<status status="PASS" starttime="20240507 22:41:28.491" endtime="20240507 22:41:28.514"/>
</kw>
<kw name="user back from register page" library="RegisPageKeywords" type="TEARDOWN">
<kw name="Wait until element is ready then click element" library="CommonKeywords">
<arg>xpath=//div[contains(text(),"กลับหน้าแรก")]</arg>
<kw name="Wait Until Keyword Succeeds" library="BuiltIn">
<arg>5x</arg>
<arg>2s</arg>
<arg>Click Element</arg>
<arg>${locator}</arg>
<doc>Runs the specified keyword and retries if it fails.</doc>
<kw name="Click Element" library="SeleniumLibrary">
<arg>${locator}</arg>
<doc>Click the element identified by ``locator``.</doc>
<msg timestamp="20240507 22:41:28.516" level="INFO">Clicking element 'xpath=//div[contains(text(),"กลับหน้าแรก")]'.</msg>
<status status="PASS" starttime="20240507 22:41:28.515" endtime="20240507 22:41:29.050"/>
</kw>
<status status="PASS" starttime="20240507 22:41:28.515" endtime="20240507 22:41:29.050"/>
</kw>
<status status="PASS" starttime="20240507 22:41:28.515" endtime="20240507 22:41:29.051"/>
</kw>
<status status="PASS" starttime="20240507 22:41:28.514" endtime="20240507 22:41:29.051"/>
</kw>
<status status="PASS" starttime="20240507 22:41:27.439" endtime="20240507 22:41:29.051"/>
</test>
<test id="s1-t4" name="As a user, I fail to register with invalid new password" line="27">
<kw name="When user register to future skill platfrom with ${email} , ${firstname} , ${lastname} , ${phonenumber} , ${invalid_new_password} , ${valid_confirm_password}" library="RegisPageKeywords" sourcename="user register to future skill platfrom with ${username} , ${firstName} , ${lastname} , ${phonenumber} , ${newpassword} , ${confirmpassword}">
<kw name="Wait until element is ready then click element" library="CommonKeywords">
<arg>xpath=//button[contains(text(),"สมัครสมาชิก")]</arg>
<kw name="Wait Until Keyword Succeeds" library="BuiltIn">
<arg>5x</arg>
<arg>2s</arg>
<arg>Click Element</arg>
<arg>${locator}</arg>
<doc>Runs the specified keyword and retries if it fails.</doc>
<kw name="Click Element" library="SeleniumLibrary">
<arg>${locator}</arg>
<doc>Click the element identified by ``locator``.</doc>
<msg timestamp="20240507 22:41:29.084" level="INFO">Clicking element 'xpath=//button[contains(text(),"สมัครสมาชิก")]'.</msg>
<status status="PASS" starttime="20240507 22:41:29.083" endtime="20240507 22:41:30.801"/>
</kw>
<status status="PASS" starttime="20240507 22:41:29.082" endtime="20240507 22:41:30.802"/>
</kw>
<status status="PASS" starttime="20240507 22:41:29.056" endtime="20240507 22:41:30.802"/>
</kw>
<kw name="Wait until element is ready then input text" library="CommonKeywords">
<arg>name=email</arg>
<arg>${username}</arg>
<kw name="Wait Until Keyword Succeeds" library="BuiltIn">
<arg>5x</arg>
<arg>2s</arg>
<arg>Input Text</arg>
<arg>${locator}</arg>
<arg>${text}</arg>
<doc>Runs the specified keyword and retries if it fails.</doc>
<kw name="Input Text" library="SeleniumLibrary">
<arg>${locator}</arg>
<arg>${text}</arg>
<doc>Types the given ``text`` into the text field identified by ``locator``.</doc>
<msg timestamp="20240507 22:41:30.805" level="INFO">Typing text 'Ab.stopbus+2@gmail.com' into text field 'name=email'.</msg>
<status status="PASS" starttime="20240507 22:41:30.803" endtime="20240507 22:41:31.212"/>
</kw>
<status status="PASS" starttime="20240507 22:41:30.803" endtime="20240507 22:41:31.212"/>
</kw>
<status status="PASS" starttime="20240507 22:41:30.802" endtime="20240507 22:41:31.213"/>
</kw>
<kw name="Wait until element is ready then input text" library="CommonKeywords">
<arg>name=firstName</arg>
<arg>${firstName}</arg>
<kw name="Wait Until Keyword Succeeds" library="BuiltIn">
<arg>5x</arg>
<arg>2s</arg>
<arg>Input Text</arg>
<arg>${locator}</arg>
<arg>${text}</arg>
<doc>Runs the specified keyword and retries if it fails.</doc>
<kw name="Input Text" library="SeleniumLibrary">
<arg>${locator}</arg>
<arg>${text}</arg>
<doc>Types the given ``text`` into the text field identified by ``locator``.</doc>
<msg timestamp="20240507 22:41:31.216" level="INFO">Typing text 'Pimwalun' into text field 'name=firstName'.</msg>
<status status="PASS" starttime="20240507 22:41:31.215" endtime="20240507 22:41:31.393"/>
</kw>
<status status="PASS" starttime="20240507 22:41:31.214" endtime="20240507 22:41:31.393"/>
</kw>
<status status="PASS" starttime="20240507 22:41:31.213" endtime="20240507 22:41:31.393"/>
</kw>
<kw name="Wait until element is ready then input text" library="CommonKeywords">
<arg>name=lastName</arg>
<arg>${lastname}</arg>
<kw name="Wait Until Keyword Succeeds" library="BuiltIn">
<arg>5x</arg>
<arg>2s</arg>
<arg>Input Text</arg>
<arg>${locator}</arg>
<arg>${text}</arg>
<doc>Runs the specified keyword and retries if it fails.</doc>
<kw name="Input Text" library="SeleniumLibrary">
<arg>${locator}</arg>
<arg>${text}</arg>
<doc>Types the given ``text`` into the text field identified by ``locator``.</doc>
<msg timestamp="20240507 22:41:31.398" level="INFO">Typing text 'Witchawanitchanun' into text field 'name=lastName'.</msg>
<status status="PASS" starttime="20240507 22:41:31.398" endtime="20240507 22:41:31.521"/>
</kw>
<status status="PASS" starttime="20240507 22:41:31.397" endtime="20240507 22:41:31.521"/>
</kw>
<status status="PASS" starttime="20240507 22:41:31.393" endtime="20240507 22:41:31.521"/>
</kw>
<kw name="Wait until element is ready then input text" library="CommonKeywords">
<arg>name=phoneNumber</arg>
<arg>${phonenumber}</arg>
<kw name="Wait Until Keyword Succeeds" library="BuiltIn">
<arg>5x</arg>
<arg>2s</arg>
<arg>Input Text</arg>
<arg>${locator}</arg>
<arg>${text}</arg>
<doc>Runs the specified keyword and retries if it fails.</doc>
<kw name="Input Text" library="SeleniumLibrary">
<arg>${locator}</arg>
<arg>${text}</arg>
<doc>Types the given ``text`` into the text field identified by ``locator``.</doc>
<msg timestamp="20240507 22:41:31.523" level="INFO">Typing text '0811111111' into text field 'name=phoneNumber'.</msg>
<status status="PASS" starttime="20240507 22:41:31.523" endtime="20240507 22:41:31.629"/>
</kw>
<status status="PASS" starttime="20240507 22:41:31.522" endtime="20240507 22:41:31.629"/>
</kw>
<status status="PASS" starttime="20240507 22:41:31.522" endtime="20240507 22:41:31.629"/>
</kw>
<kw name="Wait until element is ready then input text" library="CommonKeywords">
<arg>name=newPassword</arg>
<arg>${newpassword}</arg>
<kw name="Wait Until Keyword Succeeds" library="BuiltIn">
<arg>5x</arg>
<arg>2s</arg>
<arg>Input Text</arg>
<arg>${locator}</arg>
<arg>${text}</arg>
<doc>Runs the specified keyword and retries if it fails.</doc>
<kw name="Input Text" library="SeleniumLibrary">
<arg>${locator}</arg>
<arg>${text}</arg>
<doc>Types the given ``text`` into the text field identified by ``locator``.</doc>
<msg timestamp="20240507 22:41:31.631" level="INFO">Typing text 'Password' into text field 'name=newPassword'.</msg>
<status status="PASS" starttime="20240507 22:41:31.631" endtime="20240507 22:41:31.739"/>
</kw>
<status status="PASS" starttime="20240507 22:41:31.630" endtime="20240507 22:41:31.739"/>
</kw>
<status status="PASS" starttime="20240507 22:41:31.629" endtime="20240507 22:41:31.739"/>
</kw>
<kw name="Wait until element is ready then input text" library="CommonKeywords">
<arg>name=confirmPassword</arg>
<arg>${confirmpassword}</arg>
<kw name="Wait Until Keyword Succeeds" library="BuiltIn">
<arg>5x</arg>
<arg>2s</arg>
<arg>Input Text</arg>
<arg>${locator}</arg>
<arg>${text}</arg>
<doc>Runs the specified keyword and retries if it fails.</doc>
<kw name="Input Text" library="SeleniumLibrary">
<arg>${locator}</arg>
<arg>${text}</arg>
<doc>Types the given ``text`` into the text field identified by ``locator``.</doc>
<msg timestamp="20240507 22:41:31.740" level="INFO">Typing text 'Password123!' into text field 'name=confirmPassword'.</msg>
<status status="PASS" starttime="20240507 22:41:31.740" endtime="20240507 22:41:31.839"/>
</kw>
<status status="PASS" starttime="20240507 22:41:31.740" endtime="20240507 22:41:31.839"/>
</kw>
<status status="PASS" starttime="20240507 22:41:31.739" endtime="20240507 22:41:31.839"/>
</kw>
<kw name="Wait until element is ready then select checkbox" library="CommonKeywords">
<arg>name=consent</arg>
<kw name="Wait Until Keyword Succeeds" library="BuiltIn">
<arg>5x</arg>
<arg>2s</arg>
<arg>Select Checkbox</arg>
<arg>${locator}</arg>
<doc>Runs the specified keyword and retries if it fails.</doc>
<kw name="Select Checkbox" library="SeleniumLibrary">
<arg>${locator}</arg>
<doc>Selects the checkbox identified by ``locator``.</doc>
<msg timestamp="20240507 22:41:31.841" level="INFO">Selecting checkbox 'name=consent'.</msg>
<status status="PASS" starttime="20240507 22:41:31.840" endtime="20240507 22:41:31.965"/>
</kw>
<status status="PASS" starttime="20240507 22:41:31.840" endtime="20240507 22:41:31.965"/>
</kw>
<status status="PASS" starttime="20240507 22:41:31.840" endtime="20240507 22:41:31.966"/>
</kw>
<kw name="Wait until element is ready then click element" library="CommonKeywords">
<arg>xpath=//button[@type="submit" and text()="สมัครสมาชิก"]</arg>
<kw name="Wait Until Keyword Succeeds" library="BuiltIn">
<arg>5x</arg>
<arg>2s</arg>
<arg>Click Element</arg>
<arg>${locator}</arg>
<doc>Runs the specified keyword and retries if it fails.</doc>
<kw name="Click Element" library="SeleniumLibrary">
<arg>${locator}</arg>
<doc>Click the element identified by ``locator``.</doc>
<msg timestamp="20240507 22:41:31.967" level="INFO">Clicking element 'xpath=//button[@type="submit" and text()="สมัครสมาชิก"]'.</msg>
<status status="PASS" starttime="20240507 22:41:31.967" endtime="20240507 22:41:32.089"/>
</kw>
<status status="PASS" starttime="20240507 22:41:31.966" endtime="20240507 22:41:32.090"/>
</kw>
<status status="PASS" starttime="20240507 22:41:31.966" endtime="20240507 22:41:32.090"/>
</kw>
<status status="PASS" starttime="20240507 22:41:29.054" endtime="20240507 22:41:32.090"/>
</kw>
<kw name="Then future skill should display validate register fail message as &quot;รหัสผ่าน 8 ตัวขึ้นไป&quot;" library="RegisPageKeywords" sourcename="future skill should display validate register fail message as &quot;${expected_message}&quot;">
<kw name="Wait until page contains element then verify text" library="CommonKeywords">
<arg>${expected_message}</arg>
<kw name="Wait Until Keyword Succeeds" library="BuiltIn">
<arg>5x</arg>
<arg>2s</arg>
<arg>Page Should Contain</arg>
<arg>${expected_text}</arg>
<doc>Runs the specified keyword and retries if it fails.</doc>
<kw name="Page Should Contain" library="SeleniumLibrary">
<arg>${expected_text}</arg>
<doc>Verifies that current page contains ``text``.</doc>
<msg timestamp="20240507 22:41:32.156" level="INFO">Current page contains text 'รหัสผ่าน 8 ตัวขึ้นไป'.</msg>
<status status="PASS" starttime="20240507 22:41:32.113" endtime="20240507 22:41:32.156"/>
</kw>
<status status="PASS" starttime="20240507 22:41:32.110" endtime="20240507 22:41:32.156"/>
</kw>
<status status="PASS" starttime="20240507 22:41:32.107" endtime="20240507 22:41:32.156"/>
</kw>
<status status="PASS" starttime="20240507 22:41:32.093" endtime="20240507 22:41:32.157"/>
</kw>
<kw name="user back from register page" library="RegisPageKeywords" type="TEARDOWN">
<kw name="Wait until element is ready then click element" library="CommonKeywords">
<arg>xpath=//div[contains(text(),"กลับหน้าแรก")]</arg>
<kw name="Wait Until Keyword Succeeds" library="BuiltIn">
<arg>5x</arg>
<arg>2s</arg>
<arg>Click Element</arg>
<arg>${locator}</arg>
<doc>Runs the specified keyword and retries if it fails.</doc>
<kw name="Click Element" library="SeleniumLibrary">
<arg>${locator}</arg>
<doc>Click the element identified by ``locator``.</doc>
<msg timestamp="20240507 22:41:32.159" level="INFO">Clicking element 'xpath=//div[contains(text(),"กลับหน้าแรก")]'.</msg>
<status status="PASS" starttime="20240507 22:41:32.158" endtime="20240507 22:41:32.757"/>
</kw>
<status status="PASS" starttime="20240507 22:41:32.158" endtime="20240507 22:41:32.757"/>
</kw>
<status status="PASS" starttime="20240507 22:41:32.157" endtime="20240507 22:41:32.758"/>
</kw>
<status status="PASS" starttime="20240507 22:41:32.157" endtime="20240507 22:41:32.758"/>
</kw>
<status status="PASS" starttime="20240507 22:41:29.052" endtime="20240507 22:41:32.758"/>
</test>
<test id="s1-t5" name="As a user, I fail to register with invalid confirm new password" line="32">
<kw name="When user register to future skill platfrom with ${email} , ${firstname} , ${lastname} , ${phonenumber} , ${valid_new_password} , ${invalid_confirm_password}" library="RegisPageKeywords" sourcename="user register to future skill platfrom with ${username} , ${firstName} , ${lastname} , ${phonenumber} , ${newpassword} , ${confirmpassword}">
<kw name="Wait until element is ready then click element" library="CommonKeywords">
<arg>xpath=//button[contains(text(),"สมัครสมาชิก")]</arg>
<kw name="Wait Until Keyword Succeeds" library="BuiltIn">
<arg>5x</arg>
<arg>2s</arg>
<arg>Click Element</arg>
<arg>${locator}</arg>
<doc>Runs the specified keyword and retries if it fails.</doc>
<kw name="Click Element" library="SeleniumLibrary">
<arg>${locator}</arg>
<doc>Click the element identified by ``locator``.</doc>
<msg timestamp="20240507 22:41:32.766" level="INFO">Clicking element 'xpath=//button[contains(text(),"สมัครสมาชิก")]'.</msg>
<status status="PASS" starttime="20240507 22:41:32.765" endtime="20240507 22:41:34.366"/>
</kw>
<status status="PASS" starttime="20240507 22:41:32.765" endtime="20240507 22:41:34.367"/>
</kw>
<status status="PASS" starttime="20240507 22:41:32.764" endtime="20240507 22:41:34.367"/>
</kw>
<kw name="Wait until element is ready then input text" library="CommonKeywords">
<arg>name=email</arg>
<arg>${username}</arg>
<kw name="Wait Until Keyword Succeeds" library="BuiltIn">
<arg>5x</arg>
<arg>2s</arg>
<arg>Input Text</arg>
<arg>${locator}</arg>
<arg>${text}</arg>
<doc>Runs the specified keyword and retries if it fails.</doc>
<kw name="Input Text" library="SeleniumLibrary">
<arg>${locator}</arg>
<arg>${text}</arg>
<doc>Types the given ``text`` into the text field identified by ``locator``.</doc>
<msg timestamp="20240507 22:41:34.370" level="INFO">Typing text 'Ab.stopbus+2@gmail.com' into text field 'name=email'.</msg>
<status status="PASS" starttime="20240507 22:41:34.370" endtime="20240507 22:41:34.771"/>
</kw>
<status status="PASS" starttime="20240507 22:41:34.369" endtime="20240507 22:41:34.771"/>
</kw>
<status status="PASS" starttime="20240507 22:41:34.367" endtime="20240507 22:41:34.771"/>
</kw>
<kw name="Wait until element is ready then input text" library="CommonKeywords">
<arg>name=firstName</arg>
<arg>${firstName}</arg>
<kw name="Wait Until Keyword Succeeds" library="BuiltIn">
<arg>5x</arg>
<arg>2s</arg>
<arg>Input Text</arg>
<arg>${locator}</arg>
<arg>${text}</arg>
<doc>Runs the specified keyword and retries if it fails.</doc>
<kw name="Input Text" library="SeleniumLibrary">
<arg>${locator}</arg>
<arg>${text}</arg>
<doc>Types the given ``text`` into the text field identified by ``locator``.</doc>
<msg timestamp="20240507 22:41:34.775" level="INFO">Typing text 'Pimwalun' into text field 'name=firstName'.</msg>
<status status="PASS" starttime="20240507 22:41:34.774" endtime="20240507 22:41:34.950"/>
</kw>
<status status="PASS" starttime="20240507 22:41:34.773" endtime="20240507 22:41:34.950"/>
</kw>
<status status="PASS" starttime="20240507 22:41:34.772" endtime="20240507 22:41:34.951"/>
</kw>
<kw name="Wait until element is ready then input text" library="CommonKeywords">
<arg>name=lastName</arg>
<arg>${lastname}</arg>
<kw name="Wait Until Keyword Succeeds" library="BuiltIn">
<arg>5x</arg>
<arg>2s</arg>
<arg>Input Text</arg>
<arg>${locator}</arg>
<arg>${text}</arg>
<doc>Runs the specified keyword and retries if it fails.</doc>
<kw name="Input Text" library="SeleniumLibrary">
<arg>${locator}</arg>
<arg>${text}</arg>
<doc>Types the given ``text`` into the text field identified by ``locator``.</doc>
<msg timestamp="20240507 22:41:34.953" level="INFO">Typing text 'Witchawanitchanun' into text field 'name=lastName'.</msg>
<status status="PASS" starttime="20240507 22:41:34.952" endtime="20240507 22:41:35.081"/>
</kw>
<status status="PASS" starttime="20240507 22:41:34.952" endtime="20240507 22:41:35.082"/>
</kw>
<status status="PASS" starttime="20240507 22:41:34.951" endtime="20240507 22:41:35.082"/>
</kw>
<kw name="Wait until element is ready then input text" library="CommonKeywords">
<arg>name=phoneNumber</arg>
<arg>${phonenumber}</arg>
<kw name="Wait Until Keyword Succeeds" library="BuiltIn">
<arg>5x</arg>
<arg>2s</arg>
<arg>Input Text</arg>
<arg>${locator}</arg>
<arg>${text}</arg>
<doc>Runs the specified keyword and retries if it fails.</doc>
<kw name="Input Text" library="SeleniumLibrary">
<arg>${locator}</arg>
<arg>${text}</arg>
<doc>Types the given ``text`` into the text field identified by ``locator``.</doc>
<msg timestamp="20240507 22:41:35.084" level="INFO">Typing text '0811111111' into text field 'name=phoneNumber'.</msg>
<status status="PASS" starttime="20240507 22:41:35.083" endtime="20240507 22:41:35.178"/>
</kw>
<status status="PASS" starttime="20240507 22:41:35.083" endtime="20240507 22:41:35.178"/>
</kw>
<status status="PASS" starttime="20240507 22:41:35.082" endtime="20240507 22:41:35.178"/>
</kw>
<kw name="Wait until element is ready then input text" library="CommonKeywords">
<arg>name=newPassword</arg>
<arg>${newpassword}</arg>
<kw name="Wait Until Keyword Succeeds" library="BuiltIn">
<arg>5x</arg>
<arg>2s</arg>
<arg>Input Text</arg>
<arg>${locator}</arg>
<arg>${text}</arg>
<doc>Runs the specified keyword and retries if it fails.</doc>
<kw name="Input Text" library="SeleniumLibrary">
<arg>${locator}</arg>
<arg>${text}</arg>
<doc>Types the given ``text`` into the text field identified by ``locator``.</doc>
<msg timestamp="20240507 22:41:35.179" level="INFO">Typing text 'Password123!' into text field 'name=newPassword'.</msg>
<status status="PASS" starttime="20240507 22:41:35.179" endtime="20240507 22:41:35.299"/>
</kw>
<status status="PASS" starttime="20240507 22:41:35.179" endtime="20240507 22:41:35.299"/>
</kw>
<status status="PASS" starttime="20240507 22:41:35.178" endtime="20240507 22:41:35.299"/>
</kw>
<kw name="Wait until element is ready then input text" library="CommonKeywords">
<arg>name=confirmPassword</arg>
<arg>${confirmpassword}</arg>
<kw name="Wait Until Keyword Succeeds" library="BuiltIn">
<arg>5x</arg>
<arg>2s</arg>
<arg>Input Text</arg>
<arg>${locator}</arg>
<arg>${text}</arg>
<doc>Runs the specified keyword and retries if it fails.</doc>
<kw name="Input Text" library="SeleniumLibrary">
<arg>${locator}</arg>
<arg>${text}</arg>
<doc>Types the given ``text`` into the text field identified by ``locator``.</doc>
<msg timestamp="20240507 22:41:35.301" level="INFO">Typing text 'Password' into text field 'name=confirmPassword'.</msg>
<status status="PASS" starttime="20240507 22:41:35.300" endtime="20240507 22:41:35.391"/>
</kw>
<status status="PASS" starttime="20240507 22:41:35.300" endtime="20240507 22:41:35.391"/>
</kw>
<status status="PASS" starttime="20240507 22:41:35.300" endtime="20240507 22:41:35.392"/>
</kw>
<kw name="Wait until element is ready then select checkbox" library="CommonKeywords">
<arg>name=consent</arg>
<kw name="Wait Until Keyword Succeeds" library="BuiltIn">
<arg>5x</arg>
<arg>2s</arg>
<arg>Select Checkbox</arg>
<arg>${locator}</arg>
<doc>Runs the specified keyword and retries if it fails.</doc>
<kw name="Select Checkbox" library="SeleniumLibrary">
<arg>${locator}</arg>
<doc>Selects the checkbox identified by ``locator``.</doc>
<msg timestamp="20240507 22:41:35.393" level="INFO">Selecting checkbox 'name=consent'.</msg>
<status status="PASS" starttime="20240507 22:41:35.393" endtime="20240507 22:41:35.531"/>
</kw>
<status status="PASS" starttime="20240507 22:41:35.392" endtime="20240507 22:41:35.531"/>
</kw>
<status status="PASS" starttime="20240507 22:41:35.392" endtime="20240507 22:41:35.532"/>
</kw>
<kw name="Wait until element is ready then click element" library="CommonKeywords">
<arg>xpath=//button[@type="submit" and text()="สมัครสมาชิก"]</arg>
<kw name="Wait Until Keyword Succeeds" library="BuiltIn">
<arg>5x</arg>
<arg>2s</arg>
<arg>Click Element</arg>
<arg>${locator}</arg>
<doc>Runs the specified keyword and retries if it fails.</doc>
<kw name="Click Element" library="SeleniumLibrary">
<arg>${locator}</arg>
<doc>Click the element identified by ``locator``.</doc>
<msg timestamp="20240507 22:41:35.533" level="INFO">Clicking element 'xpath=//button[@type="submit" and text()="สมัครสมาชิก"]'.</msg>
<status status="PASS" starttime="20240507 22:41:35.533" endtime="20240507 22:41:35.606"/>
</kw>
<status status="PASS" starttime="20240507 22:41:35.532" endtime="20240507 22:41:35.606"/>
</kw>
<status status="PASS" starttime="20240507 22:41:35.532" endtime="20240507 22:41:35.606"/>
</kw>
<status status="PASS" starttime="20240507 22:41:32.762" endtime="20240507 22:41:35.607"/>
</kw>
<kw name="Then future skill should display validate register fail message as &quot;รหัสผ่านไม่ตรงกัน&quot;" library="RegisPageKeywords" sourcename="future skill should display validate register fail message as &quot;${expected_message}&quot;">
<kw name="Wait until page contains element then verify text" library="CommonKeywords">
<arg>${expected_message}</arg>
<kw name="Wait Until Keyword Succeeds" library="BuiltIn">
<arg>5x</arg>
<arg>2s</arg>
<arg>Page Should Contain</arg>
<arg>${expected_text}</arg>
<doc>Runs the specified keyword and retries if it fails.</doc>
<kw name="Page Should Contain" library="SeleniumLibrary">
<arg>${expected_text}</arg>
<doc>Verifies that current page contains ``text``.</doc>
<msg timestamp="20240507 22:41:35.633" level="INFO">Current page contains text 'รหัสผ่านไม่ตรงกัน'.</msg>
<status status="PASS" starttime="20240507 22:41:35.609" endtime="20240507 22:41:35.634"/>
</kw>
<status status="PASS" starttime="20240507 22:41:35.609" endtime="20240507 22:41:35.634"/>
</kw>
<status status="PASS" starttime="20240507 22:41:35.609" endtime="20240507 22:41:35.634"/>
</kw>
<status status="PASS" starttime="20240507 22:41:35.608" endtime="20240507 22:41:35.634"/>
</kw>
<kw name="user back from register page" library="RegisPageKeywords" type="TEARDOWN">
<kw name="Wait until element is ready then click element" library="CommonKeywords">
<arg>xpath=//div[contains(text(),"กลับหน้าแรก")]</arg>
<kw name="Wait Until Keyword Succeeds" library="BuiltIn">
<arg>5x</arg>
<arg>2s</arg>
<arg>Click Element</arg>
<arg>${locator}</arg>
<doc>Runs the specified keyword and retries if it fails.</doc>
<kw name="Click Element" library="SeleniumLibrary">
<arg>${locator}</arg>
<doc>Click the element identified by ``locator``.</doc>
<msg timestamp="20240507 22:41:35.636" level="INFO">Clicking element 'xpath=//div[contains(text(),"กลับหน้าแรก")]'.</msg>
<status status="PASS" starttime="20240507 22:41:35.636" endtime="20240507 22:41:36.092"/>
</kw>
<status status="PASS" starttime="20240507 22:41:35.636" endtime="20240507 22:41:36.092"/>
</kw>
<status status="PASS" starttime="20240507 22:41:35.635" endtime="20240507 22:41:36.094"/>
</kw>
<status status="PASS" starttime="20240507 22:41:35.635" endtime="20240507 22:41:36.096"/>
</kw>
<status status="PASS" starttime="20240507 22:41:32.759" endtime="20240507 22:41:36.096"/>
</test>
<test id="s1-t6" name="As a user, I fail to register without checkbox consent" line="37">
<kw name="When user register to future skill platfrom without selected consent checkbox ${email} , ${firstname} , ${lastname} , ${phonenumber} , ${valid_new_password} , ${valid_confirm_password}" library="RegisPageKeywords" sourcename="user register to future skill platfrom without selected consent checkbox ${username} , ${firstName} , ${lastname} , ${phonenumber} , ${newpassword} , ${confirmpassword}">
<kw name="Wait until element is ready then click element" library="CommonKeywords">
<arg>xpath=//button[contains(text(),"สมัครสมาชิก")]</arg>
<kw name="Wait Until Keyword Succeeds" library="BuiltIn">
<arg>5x</arg>
<arg>2s</arg>
<arg>Click Element</arg>
<arg>${locator}</arg>
<doc>Runs the specified keyword and retries if it fails.</doc>
<kw name="Click Element" library="SeleniumLibrary">
<arg>${locator}</arg>
<doc>Click the element identified by ``locator``.</doc>
<msg timestamp="20240507 22:41:36.100" level="INFO">Clicking element 'xpath=//button[contains(text(),"สมัครสมาชิก")]'.</msg>
<status status="PASS" starttime="20240507 22:41:36.100" endtime="20240507 22:41:37.827"/>
</kw>
<status status="PASS" starttime="20240507 22:41:36.100" endtime="20240507 22:41:37.828"/>
</kw>
<status status="PASS" starttime="20240507 22:41:36.099" endtime="20240507 22:41:37.828"/>
</kw>
<kw name="Wait until element is ready then input text" library="CommonKeywords">
<arg>name=email</arg>
<arg>${username}</arg>
<kw name="Wait Until Keyword Succeeds" library="BuiltIn">
<arg>5x</arg>
<arg>2s</arg>
<arg>Input Text</arg>
<arg>${locator}</arg>
<arg>${text}</arg>
<doc>Runs the specified keyword and retries if it fails.</doc>
<kw name="Input Text" library="SeleniumLibrary">
<arg>${locator}</arg>
<arg>${text}</arg>
<doc>Types the given ``text`` into the text field identified by ``locator``.</doc>
<msg timestamp="20240507 22:41:37.831" level="INFO">Typing text 'Ab.stopbus+2@gmail.com' into text field 'name=email'.</msg>
<status status="PASS" starttime="20240507 22:41:37.831" endtime="20240507 22:41:38.250"/>
</kw>
<status status="PASS" starttime="20240507 22:41:37.830" endtime="20240507 22:41:38.250"/>
</kw>
<status status="PASS" starttime="20240507 22:41:37.829" endtime="20240507 22:41:38.250"/>
</kw>
<kw name="Wait until element is ready then input text" library="CommonKeywords">
<arg>name=firstName</arg>
<arg>${firstName}</arg>
<kw name="Wait Until Keyword Succeeds" library="BuiltIn">
<arg>5x</arg>
<arg>2s</arg>
<arg>Input Text</arg>
<arg>${locator}</arg>
<arg>${text}</arg>
<doc>Runs the specified keyword and retries if it fails.</doc>
<kw name="Input Text" library="SeleniumLibrary">
<arg>${locator}</arg>
<arg>${text}</arg>
<doc>Types the given ``text`` into the text field identified by ``locator``.</doc>
<msg timestamp="20240507 22:41:38.254" level="INFO">Typing text 'Pimwalun' into text field 'name=firstName'.</msg>
<status status="PASS" starttime="20240507 22:41:38.252" endtime="20240507 22:41:38.434"/>
</kw>
<status status="PASS" starttime="20240507 22:41:38.252" endtime="20240507 22:41:38.434"/>
</kw>
<status status="PASS" starttime="20240507 22:41:38.250" endtime="20240507 22:41:38.434"/>
</kw>
<kw name="Wait until element is ready then input text" library="CommonKeywords">
<arg>name=lastName</arg>
<arg>${lastname}</arg>
<kw name="Wait Until Keyword Succeeds" library="BuiltIn">
<arg>5x</arg>
<arg>2s</arg>
<arg>Input Text</arg>
<arg>${locator}</arg>
<arg>${text}</arg>
<doc>Runs the specified keyword and retries if it fails.</doc>
<kw name="Input Text" library="SeleniumLibrary">
<arg>${locator}</arg>
<arg>${text}</arg>
<doc>Types the given ``text`` into the text field identified by ``locator``.</doc>
<msg timestamp="20240507 22:41:38.436" level="INFO">Typing text 'Witchawanitchanun' into text field 'name=lastName'.</msg>
<status status="PASS" starttime="20240507 22:41:38.435" endtime="20240507 22:41:38.552"/>
</kw>
<status status="PASS" starttime="20240507 22:41:38.435" endtime="20240507 22:41:38.552"/>
</kw>
<status status="PASS" starttime="20240507 22:41:38.434" endtime="20240507 22:41:38.552"/>
</kw>
<kw name="Wait until element is ready then input text" library="CommonKeywords">
<arg>name=phoneNumber</arg>
<arg>${phonenumber}</arg>
<kw name="Wait Until Keyword Succeeds" library="BuiltIn">
<arg>5x</arg>
<arg>2s</arg>
<arg>Input Text</arg>
<arg>${locator}</arg>
<arg>${text}</arg>
<doc>Runs the specified keyword and retries if it fails.</doc>
<kw name="Input Text" library="SeleniumLibrary">
<arg>${locator}</arg>
<arg>${text}</arg>
<doc>Types the given ``text`` into the text field identified by ``locator``.</doc>
<msg timestamp="20240507 22:41:38.554" level="INFO">Typing text '0811111111' into text field 'name=phoneNumber'.</msg>
<status status="PASS" starttime="20240507 22:41:38.554" endtime="20240507 22:41:38.656"/>
</kw>
<status status="PASS" starttime="20240507 22:41:38.553" endtime="20240507 22:41:38.656"/>
</kw>
<status status="PASS" starttime="20240507 22:41:38.552" endtime="20240507 22:41:38.656"/>
</kw>
<kw name="Wait until element is ready then input text" library="CommonKeywords">
<arg>name=newPassword</arg>
<arg>${newpassword}</arg>
<kw name="Wait Until Keyword Succeeds" library="BuiltIn">
<arg>5x</arg>
<arg>2s</arg>
<arg>Input Text</arg>
<arg>${locator}</arg>
<arg>${text}</arg>
<doc>Runs the specified keyword and retries if it fails.</doc>
<kw name="Input Text" library="SeleniumLibrary">
<arg>${locator}</arg>
<arg>${text}</arg>
<doc>Types the given ``text`` into the text field identified by ``locator``.</doc>
<msg timestamp="20240507 22:41:38.657" level="INFO">Typing text 'Password123!' into text field 'name=newPassword'.</msg>
<status status="PASS" starttime="20240507 22:41:38.657" endtime="20240507 22:41:38.781"/>
</kw>
<status status="PASS" starttime="20240507 22:41:38.657" endtime="20240507 22:41:38.781"/>
</kw>
<status status="PASS" starttime="20240507 22:41:38.656" endtime="20240507 22:41:38.782"/>
</kw>
<kw name="Wait until element is ready then input text" library="CommonKeywords">
<arg>name=confirmPassword</arg>
<arg>${confirmpassword}</arg>
<kw name="Wait Until Keyword Succeeds" library="BuiltIn">
<arg>5x</arg>
<arg>2s</arg>
<arg>Input Text</arg>
<arg>${locator}</arg>
<arg>${text}</arg>
<doc>Runs the specified keyword and retries if it fails.</doc>
<kw name="Input Text" library="SeleniumLibrary">
<arg>${locator}</arg>
<arg>${text}</arg>
<doc>Types the given ``text`` into the text field identified by ``locator``.</doc>
<msg timestamp="20240507 22:41:38.783" level="INFO">Typing text 'Password123!' into text field 'name=confirmPassword'.</msg>
<status status="PASS" starttime="20240507 22:41:38.783" endtime="20240507 22:41:38.881"/>
</kw>
<status status="PASS" starttime="20240507 22:41:38.782" endtime="20240507 22:41:38.881"/>
</kw>
<status status="PASS" starttime="20240507 22:41:38.782" endtime="20240507 22:41:38.881"/>
</kw>
<kw name="Wait until element is ready then click element" library="CommonKeywords">
<arg>xpath=//button[@type="submit" and text()="สมัครสมาชิก"]</arg>
<kw name="Wait Until Keyword Succeeds" library="BuiltIn">
<arg>5x</arg>
<arg>2s</arg>
<arg>Click Element</arg>
<arg>${locator}</arg>
<doc>Runs the specified keyword and retries if it fails.</doc>
<kw name="Click Element" library="SeleniumLibrary">
<arg>${locator}</arg>
<doc>Click the element identified by ``locator``.</doc>
<msg timestamp="20240507 22:41:38.883" level="INFO">Clicking element 'xpath=//button[@type="submit" and text()="สมัครสมาชิก"]'.</msg>
<status status="PASS" starttime="20240507 22:41:38.882" endtime="20240507 22:41:39.085"/>
</kw>
<status status="PASS" starttime="20240507 22:41:38.882" endtime="20240507 22:41:39.085"/>
</kw>
<status status="PASS" starttime="20240507 22:41:38.882" endtime="20240507 22:41:39.085"/>
</kw>
<status status="PASS" starttime="20240507 22:41:36.098" endtime="20240507 22:41:39.085"/>
</kw>
<kw name="Then future skill should display validate red frame checkbox consent" library="RegisPageKeywords">
<kw name="Wait until page contains element then verify checkbox not be selected" library="CommonKeywords">
<arg>name=consent</arg>
<kw name="Wait Until Keyword Succeeds" library="BuiltIn">
<arg>5x</arg>
<arg>2s</arg>
<arg>Checkbox Should Not Be Selected</arg>
<arg>${locator}</arg>
<doc>Runs the specified keyword and retries if it fails.</doc>
<kw name="Checkbox Should Not Be Selected" library="SeleniumLibrary">
<arg>${locator}</arg>
<doc>Verifies checkbox ``locator`` is not selected/checked.</doc>
<msg timestamp="20240507 22:41:39.087" level="INFO">Verifying checkbox 'name=consent' is not selected.</msg>
<status status="PASS" starttime="20240507 22:41:39.087" endtime="20240507 22:41:39.213"/>
</kw>
<status status="PASS" starttime="20240507 22:41:39.087" endtime="20240507 22:41:39.213"/>
</kw>
<status status="PASS" starttime="20240507 22:41:39.086" endtime="20240507 22:41:39.213"/>
</kw>
<status status="PASS" starttime="20240507 22:41:39.086" endtime="20240507 22:41:39.213"/>
</kw>
<kw name="user back from register page" library="RegisPageKeywords" type="TEARDOWN">
<kw name="Wait until element is ready then click element" library="CommonKeywords">
<arg>xpath=//div[contains(text(),"กลับหน้าแรก")]</arg>
<kw name="Wait Until Keyword Succeeds" library="BuiltIn">
<arg>5x</arg>
<arg>2s</arg>
<arg>Click Element</arg>
<arg>${locator}</arg>
<doc>Runs the specified keyword and retries if it fails.</doc>
<kw name="Click Element" library="SeleniumLibrary">
<arg>${locator}</arg>
<doc>Click the element identified by ``locator``.</doc>
<msg timestamp="20240507 22:41:39.215" level="INFO">Clicking element 'xpath=//div[contains(text(),"กลับหน้าแรก")]'.</msg>
<status status="PASS" starttime="20240507 22:41:39.215" endtime="20240507 22:41:39.695"/>
</kw>
<status status="PASS" starttime="20240507 22:41:39.215" endtime="20240507 22:41:39.696"/>
</kw>
<status status="PASS" starttime="20240507 22:41:39.214" endtime="20240507 22:41:39.696"/>
</kw>
<status status="PASS" starttime="20240507 22:41:39.214" endtime="20240507 22:41:39.697"/>
</kw>
<status status="PASS" starttime="20240507 22:41:36.097" endtime="20240507 22:41:39.697"/>
</test>
<kw name="Close Browser" library="SeleniumLibrary" type="TEARDOWN">
<doc>Closes the current browser.</doc>
<status status="PASS" starttime="20240507 22:41:39.700" endtime="20240507 22:41:40.036"/>
</kw>
<status status="PASS" starttime="20240507 22:41:10.051" endtime="20240507 22:41:40.036"/>
</suite>
<statistics>
<total>
<stat pass="6" fail="0" skip="0">All Tests</stat>
</total>
<tag>
</tag>
<suite>
<stat pass="6" fail="0" skip="0" id="s1" name="RegisTestcases">RegisTestcases</stat>
</suite>
</statistics>
<errors>
</errors>
</robot>
